2025-04-18 23:10:46,972 INFO o.a.j.u.JMeterUtils: Setting Locale to en_EN
2025-04-18 23:10:46,998 INFO o.a.j.JMeter: Loading user properties from: /opt/homebrew/Cellar/jmeter/5.6.3/libexec/bin/user.properties
2025-04-18 23:10:46,999 INFO o.a.j.JMeter: Loading system properties from: /opt/homebrew/Cellar/jmeter/5.6.3/libexec/bin/system.properties
2025-04-18 23:10:47,002 INFO o.a.j.JMeter: Copyright (c) 1998-2024 The Apache Software Foundation
2025-04-18 23:10:47,002 INFO o.a.j.JMeter: Version 5.6.3
2025-04-18 23:10:47,002 INFO o.a.j.JMeter: java.version=21.0.6
2025-04-18 23:10:47,002 INFO o.a.j.JMeter: java.vm.name=OpenJDK 64-Bit Server VM
2025-04-18 23:10:47,002 INFO o.a.j.JMeter: os.name=Mac OS X
2025-04-18 23:10:47,002 INFO o.a.j.JMeter: os.arch=aarch64
2025-04-18 23:10:47,002 INFO o.a.j.JMeter: os.version=15.0.1
2025-04-18 23:10:47,002 INFO o.a.j.JMeter: file.encoding=UTF-8
2025-04-18 23:10:47,002 INFO o.a.j.JMeter: java.awt.headless=null
2025-04-18 23:10:47,002 INFO o.a.j.JMeter: Max memory     =1073741824
2025-04-18 23:10:47,002 INFO o.a.j.JMeter: Available Processors =8
2025-04-18 23:10:47,008 INFO o.a.j.JMeter: Default Locale=English (EN)
2025-04-18 23:10:47,009 INFO o.a.j.JMeter: JMeter  Locale=English (EN)
2025-04-18 23:10:47,009 INFO o.a.j.JMeter: JMeterHome=/opt/homebrew/Cellar/jmeter/5.6.3/libexec
2025-04-18 23:10:47,009 INFO o.a.j.JMeter: user.dir  =/Users/josee/dev/ufrn/distribuida
2025-04-18 23:10:47,009 INFO o.a.j.JMeter: PWD       =/Users/josee/dev/ufrn/distribuida
2025-04-18 23:10:47,011 INFO o.a.j.JMeter: IP: 127.0.0.1 Name: josee.local FullName: localhost
2025-04-18 23:10:47,017 INFO o.a.j.JMeter: Loaded icon properties from org/apache/jmeter/images/icon.properties
2025-04-18 23:10:47,808 INFO o.a.j.JMeterGuiLauncher: Setting LAF to: com.github.weisj.darklaf.DarkLaf:com.github.weisj.darklaf.theme.DarculaTheme
2025-04-18 23:10:59,605 INFO o.a.j.r.ClassFinder: Will scan jar /opt/homebrew/Cellar/jmeter/5.6.3/libexec/lib/ext/jmeter-plugins-manager-1.9.jar with filter ExtendsClassFilter [parents=[interface org.apache.jmeter.gui.action.Command], inner=false, contains=null, notContains=null]. Consider exposing JMeter plugins via META-INF/services, and add JMeter-Skip-Class-Scanning=true manifest attribute so JMeter can skip classfile scanning
2025-04-18 23:10:59,715 INFO o.a.j.r.ClassFinder: Will scan jar /opt/homebrew/Cellar/jmeter/5.6.3/libexec/lib/ext/jmeter-plugins-manager-1.9.jar with filter ExtendsClassFilter [parents=[interface org.apache.jmeter.gui.plugin.MenuCreator], inner=false, contains=null, notContains=null]. Consider exposing JMeter plugins via META-INF/services, and add JMeter-Skip-Class-Scanning=true manifest attribute so JMeter can skip classfile scanning
2025-04-18 23:10:59,780 INFO o.j.r.JARSourceHTTP: Requesting https://jmeter-plugins.org/repo/?installID=mac_os_x-3b2c23fde6287a3056711bf74d884302-gui
2025-04-18 23:11:01,340 INFO o.j.r.PluginManager: Plugins Status: [jpgc-plugins-manager=1.9, jmeter-core=5.6.3, jmeter-ftp=5.6.3, jmeter-http=5.6.3, jmeter-jdbc=5.6.3, jmeter-jms=5.6.3, jmeter-junit=5.6.3, jmeter-java=5.6.3, jmeter-ldap=5.6.3, jmeter-mail=5.6.3, jmeter-mongodb=5.6.3, jmeter-native=5.6.3, jmeter-tcp=5.6.3, jmeter-components=5.6.3]
2025-04-18 23:11:01,341 INFO o.j.r.PluginManagerMenuItem: Plugins Manager has upgrades: [jpgc-plugins-manager]
